<?xml version="1.0" encoding="UTF-8"?>
<!-- Generated by org.testng.reporters.JUnitXMLReporter -->
<testsuite ignored="4" hostname="LAPTOP-41JF7SVE" failures="0" tests="2" name="Test" time="33.545" errors="0" timestamp="2024-05-18T18:49:53 IST">
  <testcase classname="testBase.BaseClass" name="@BeforeMethod getLog" time="0.015">
    <failure type="java.lang.NullPointerException" message="Cannot invoke &amp;quot;String.replaceAll(String, String)&amp;quot; because &amp;quot;x&amp;quot; is null">
      <![CDATA[java.lang.NullPointerException: Cannot invoke "String.replaceAll(String, String)" because "x" is null
at com.aventstack.extentreports.ExtentTest.lambda$assignAuthor$1(ExtentTest.java:1066)
at java.base/java.util.Spliterators$ArraySpliterator.forEachRemaining(Spliterators.java:992)
at java.base/java.util.stream.ReferencePipeline$Head.forEach(ReferencePipeline.java:762)
at com.aventstack.extentreports.ExtentTest.assignAuthor(ExtentTest.java:1065)
at testBase.BaseClass.getLog(BaseClass.java:125)
at java.base/java.util.ArrayList.forEach(ArrayList.java:1511)
... Removed 31 stack frames]]>
    </failure>
  </testcase> <!-- @BeforeMethod getLog -->
  <testcase classname="testBase.BaseClass" name="@AfterMethod checkStatus" time="0.0">
    <skipped/>
  </testcase> <!-- @AfterMethod checkStatus -->
  <testcase classname="testBase.BaseClass" name="@AfterClass teardown" time="0.0">
    <skipped/>
  </testcase> <!-- @AfterClass teardown -->
  <testcase classname="testBase.BaseClass" name="@BeforeMethod getLog" time="0.007">
    <failure type="java.lang.NullPointerException" message="Cannot invoke &amp;quot;String.replaceAll(String, String)&amp;quot; because &amp;quot;x&amp;quot; is null">
      <![CDATA[java.lang.NullPointerException: Cannot invoke "String.replaceAll(String, String)" because "x" is null
at com.aventstack.extentreports.ExtentTest.lambda$assignAuthor$1(ExtentTest.java:1066)
at java.base/java.util.Spliterators$ArraySpliterator.forEachRemaining(Spliterators.java:992)
at java.base/java.util.stream.ReferencePipeline$Head.forEach(ReferencePipeline.java:762)
at com.aventstack.extentreports.ExtentTest.assignAuthor(ExtentTest.java:1065)
at testBase.BaseClass.getLog(BaseClass.java:125)
at java.base/java.util.ArrayList.forEach(ArrayList.java:1511)
... Removed 31 stack frames]]>
    </failure>
  </testcase> <!-- @BeforeMethod getLog -->
  <testcase classname="testBase.BaseClass" name="@AfterMethod checkStatus" time="0.0">
    <skipped/>
  </testcase> <!-- @AfterMethod checkStatus -->
  <testcase classname="testBase.BaseClass" name="@AfterClass teardown" time="0.0">
    <skipped/>
  </testcase> <!-- @AfterClass teardown -->
  <testcase classname="testCases.AccountCreationTest" name="testCase01" time="0.0">
    <skipped/>
  </testcase> <!-- testCase01 -->
  <testcase classname="testCases.LoginTest" name="testCase02" time="0.0">
    <skipped/>
  </testcase> <!-- testCase02 -->
  <testcase classname="testBase.BaseClass" name="@BeforeSuite intialiseExtentReports" time="0.0">
    <ignored/>
  </testcase> <!-- @BeforeSuite intialiseExtentReports -->
  <testcase classname="testBase.BaseClass" name="@BeforeSuite intialiseExtentReports" time="0.0">
    <ignored/>
  </testcase> <!-- @BeforeSuite intialiseExtentReports -->
  <testcase classname="testBase.BaseClass" name="@AfterSuite generateExtentReports" time="0.0">
    <ignored/>
  </testcase> <!-- @AfterSuite generateExtentReports -->
  <testcase classname="testBase.BaseClass" name="@AfterSuite generateExtentReports" time="0.0">
    <ignored/>
  </testcase> <!-- @AfterSuite generateExtentReports -->
</testsuite> <!-- Test -->
