<?xml version="1.0" encoding="UTF-8"?>
<!-- Generated by org.testng.reporters.JUnitXMLReporter -->
<testsuite ignored="2" hostname="LAPTOP-41JF7SVE" failures="0" tests="2" name="Regression Test" time="55.204" errors="0" timestamp="2024-04-04T17:56:11 IST">
  <testcase classname="testCases.AccountCreationTest" name="testCase01" time="15.182"/>
  <testcase classname="testCases.LoginTest" name="testCase02" time="5.515"/>
  <testcase classname="testBase.BaseClass" name="@AfterSuite generateExtentReports" time="0.0">
    <ignored/>
  </testcase> <!-- @AfterSuite generateExtentReports -->
  <testcase classname="testBase.BaseClass" name="@BeforeSuite intialiseExtentReports" time="0.0">
    <ignored/>
  </testcase> <!-- @BeforeSuite intialiseExtentReports -->
</testsuite> <!-- Regression Test -->
