<?xml version="1.0" encoding="UTF-8"?>
<testng-results ignored="0" total="2" passed="2" failed="0" skipped="0">
  <reporter-output>
  </reporter-output>
  <suite started-at="2024-04-04T17:55:16 IST" name="Functional Test" finished-at="2024-04-04T17:56:11 IST" duration-ms="55204">
    <groups>
      <group name="Regression">
        <method signature="AccountCreationTest.testCase01(java.lang.String,java.lang.String,java.lang.String,java.lang.String,java.lang.String,java.lang.String,java.lang.String,java.lang.String,java.lang.String,java.lang.String,java.lang.String,java.lang.String,java.lang.String,java.lang.String,java.lang.String,java.lang.String,java.lang.String,java.lang.String,java.lang.String)[pri:0, instance:testCases.AccountCreationTest@3754a4bf]" name="testCase01" class="testCases.AccountCreationTest"/>
        <method signature="LoginTest.testCase02(java.lang.String,java.lang.String,java.lang.String)[pri:0, instance:testCases.LoginTest@75d4a5c2]" name="testCase02" class="testCases.LoginTest"/>
      </group> <!-- Regression -->
    </groups>
    <test started-at="2024-04-04T17:55:16 IST" name="Regression Test" finished-at="2024-04-04T17:56:11 IST" duration-ms="55204">
      <class name="testCases.AccountCreationTest">
        <test-method is-config="true" signature="intialiseExtentReports()[pri:0, instance:testCases.AccountCreationTest@3754a4bf]" started-at="2024-04-04T17:55:15 IST" name="intialiseExtentReports" finished-at="2024-04-04T17:55:16 IST" duration-ms="329" status="PASS">
          <reporter-output>
          </reporter-output>
        </test-method> <!-- intialiseExtentReports -->
        <test-method is-config="true" signature="setup(java.lang.String)[pri:0, instance:testCases.AccountCreationTest@3754a4bf]" started-at="2024-04-04T17:55:16 IST" name="setup" finished-at="2024-04-04T17:55:26 IST" duration-ms="10067" status="PASS">
          <params>
            <param index="0">
              <value>
                <![CDATA[Chrome]]>
              </value>
            </param>
          </params>
          <reporter-output>
          </reporter-output>
        </test-method> <!-- setup -->
        <test-method is-config="true" signature="getLog(org.testng.ITestContext)[pri:0, instance:testCases.AccountCreationTest@3754a4bf]" started-at="2024-04-04T17:55:41 IST" name="getLog" finished-at="2024-04-04T17:55:41 IST" duration-ms="23" status="PASS">
          <params>
            <param index="0">
              <value>
                <![CDATA[org.testng.TestRunner@48632f69]]>
              </value>
            </param>
          </params>
          <reporter-output>
          </reporter-output>
        </test-method> <!-- getLog -->
        <test-method signature="testCase01(java.lang.String,java.lang.String,java.lang.String,java.lang.String,java.lang.String,java.lang.String,java.lang.String,java.lang.String,java.lang.String,java.lang.String,java.lang.String,java.lang.String,java.lang.String,java.lang.String,java.lang.String,java.lang.String,java.lang.String,java.lang.String,java.lang.String)[pri:0, instance:testCases.AccountCreationTest@3754a4bf]" started-at="2024-04-04T17:55:41 IST" name="testCase01" description="Register User" data-provider="AccountCreationData" finished-at="2024-04-04T17:55:56 IST" duration-ms="15182" status="PASS">
          <params>
            <param index="0">
              <value>
                <![CDATA[Aman]]>
              </value>
            </param>
            <param index="1">
              <value>
                <![CDATA[Aman@gmail.com]]>
              </value>
            </param>
            <param index="2">
              <value>
                <![CDATA[Pass@123]]>
              </value>
            </param>
            <param index="3">
              <value>
                <![CDATA[Mr]]>
              </value>
            </param>
            <param index="4">
              <value>
                <![CDATA[Aman]]>
              </value>
            </param>
            <param index="5">
              <value>
                <![CDATA[Pass@123]]>
              </value>
            </param>
            <param index="6">
              <value>
                <![CDATA[7]]>
              </value>
            </param>
            <param index="7">
              <value>
                <![CDATA[11]]>
              </value>
            </param>
            <param index="8">
              <value>
                <![CDATA[1999]]>
              </value>
            </param>
            <param index="9">
              <value>
                <![CDATA[Aman]]>
              </value>
            </param>
            <param index="10">
              <value>
                <![CDATA[Roy]]>
              </value>
            </param>
            <param index="11">
              <value>
                <![CDATA[abc company pvt ltd]]>
              </value>
            </param>
            <param index="12">
              <value>
                <![CDATA[address 1, xyz apt ]]>
              </value>
            </param>
            <param index="13">
              <value>
                <![CDATA[rohini nagar]]>
              </value>
            </param>
            <param index="14">
              <value>
                <![CDATA[India]]>
              </value>
            </param>
            <param index="15">
              <value>
                <![CDATA[Delhi]]>
              </value>
            </param>
            <param index="16">
              <value>
                <![CDATA[Rohini]]>
              </value>
            </param>
            <param index="17">
              <value>
                <![CDATA[321432]]>
              </value>
            </param>
            <param index="18">
              <value>
                <![CDATA[8789023456]]>
              </value>
            </param>
          </params>
          <reporter-output>
          </reporter-output>
        </test-method> <!-- testCase01 -->
        <test-method is-config="true" signature="checkStatus(java.lang.reflect.Method,org.testng.ITestResult)[pri:0, instance:testCases.AccountCreationTest@3754a4bf]" started-at="2024-04-04T17:55:56 IST" name="checkStatus" finished-at="2024-04-04T17:55:56 IST" duration-ms="1" status="PASS">
          <params>
            <param index="0">
              <value>
                <![CDATA[public void testCases.AccountCreationTest.testCase01(java.lang.String,java.lang.String,java.lang.String,java.lang.String,java.lang.String,java.lang.String,java.lang.String,java.lang.String,java.lang.String,java.lang.String,java.lang.String,java.lang.String,java.lang.String,java.lang.String,java.lang.String,java.lang.String,java.lang.String,java.lang.String,java.lang.String) throws java.lang.InterruptedException]]>
              </value>
            </param>
            <param index="1">
              <value>
                <![CDATA[[TestResult name=testCase01 status=SUCCESS method=AccountCreationTest.testCase01(java.lang.String,java.lang.String,java.lang.String,java.lang.String,java.lang.String,java.lang.String,java.lang.String,java.lang.String,java.lang.String,java.lang.String,java.lang.String,java.lang.String,java.lang.String,java.lang.String,java.lang.String,java.lang.String,java.lang.String,java.lang.String,java.lang.String)[pri:0, instance:testCases.AccountCreationTest@3754a4bf] output={null}]]]>
              </value>
            </param>
          </params>
          <reporter-output>
          </reporter-output>
        </test-method> <!-- checkStatus -->
        <test-method is-config="true" signature="teardown()[pri:0, instance:testCases.AccountCreationTest@3754a4bf]" started-at="2024-04-04T17:55:56 IST" name="teardown" finished-at="2024-04-04T17:55:58 IST" duration-ms="1433" status="PASS">
          <reporter-output>
          </reporter-output>
        </test-method> <!-- teardown -->
        <test-method is-config="true" signature="generateExtentReports()[pri:0, instance:testCases.AccountCreationTest@3754a4bf]" started-at="2024-04-04T17:56:11 IST" name="generateExtentReports" finished-at="2024-04-04T17:56:12 IST" duration-ms="1274" status="PASS">
          <reporter-output>
          </reporter-output>
        </test-method> <!-- generateExtentReports -->
      </class> <!-- testCases.AccountCreationTest -->
      <class name="testCases.LoginTest">
        <test-method is-config="true" signature="setup(java.lang.String)[pri:0, instance:testCases.LoginTest@75d4a5c2]" started-at="2024-04-04T17:55:58 IST" name="setup" finished-at="2024-04-04T17:56:05 IST" duration-ms="7191" status="PASS">
          <params>
            <param index="0">
              <value>
                <![CDATA[Chrome]]>
              </value>
            </param>
          </params>
          <reporter-output>
          </reporter-output>
        </test-method> <!-- setup -->
        <test-method is-config="true" signature="getLog(org.testng.ITestContext)[pri:0, instance:testCases.LoginTest@75d4a5c2]" started-at="2024-04-04T17:56:05 IST" name="getLog" finished-at="2024-04-04T17:56:05 IST" duration-ms="1" status="PASS">
          <params>
            <param index="0">
              <value>
                <![CDATA[org.testng.TestRunner@48632f69]]>
              </value>
            </param>
          </params>
          <reporter-output>
          </reporter-output>
        </test-method> <!-- getLog -->
        <test-method signature="testCase02(java.lang.String,java.lang.String,java.lang.String)[pri:0, instance:testCases.LoginTest@75d4a5c2]" started-at="2024-04-04T17:56:05 IST" name="testCase02" description="Register User with existing email" data-provider="LoginTestData" finished-at="2024-04-04T17:56:10 IST" duration-ms="5515" status="PASS">
          <params>
            <param index="0">
              <value>
                <![CDATA[Rohit]]>
              </value>
            </param>
            <param index="1">
              <value>
                <![CDATA[Rohit2024@gmail.com]]>
              </value>
            </param>
            <param index="2">
              <value>
                <![CDATA[Pass@123]]>
              </value>
            </param>
          </params>
          <reporter-output>
          </reporter-output>
        </test-method> <!-- testCase02 -->
        <test-method is-config="true" signature="checkStatus(java.lang.reflect.Method,org.testng.ITestResult)[pri:0, instance:testCases.LoginTest@75d4a5c2]" started-at="2024-04-04T17:56:10 IST" name="checkStatus" finished-at="2024-04-04T17:56:10 IST" duration-ms="0" status="PASS">
          <params>
            <param index="0">
              <value>
                <![CDATA[public void testCases.LoginTest.testCase02(java.lang.String,java.lang.String,java.lang.String)]]>
              </value>
            </param>
            <param index="1">
              <value>
                <![CDATA[[TestResult name=testCase02 status=SUCCESS method=LoginTest.testCase02(java.lang.String,java.lang.String,java.lang.String)[pri:0, instance:testCases.LoginTest@75d4a5c2] output={null}]]]>
              </value>
            </param>
          </params>
          <reporter-output>
          </reporter-output>
        </test-method> <!-- checkStatus -->
        <test-method is-config="true" signature="teardown()[pri:0, instance:testCases.LoginTest@75d4a5c2]" started-at="2024-04-04T17:56:10 IST" name="teardown" finished-at="2024-04-04T17:56:11 IST" duration-ms="511" status="PASS">
          <reporter-output>
          </reporter-output>
        </test-method> <!-- teardown -->
      </class> <!-- testCases.LoginTest -->
    </test> <!-- Regression Test -->
  </suite> <!-- Functional Test -->
</testng-results>
