<?xml version="1.0" encoding="UTF-8"?>
<testng-results ignored="0" total="2" passed="2" failed="0" skipped="0">
  <reporter-output>
  </reporter-output>
  <suite started-at="2024-04-03T12:12:26 IST" name="Functional Test" finished-at="2024-04-03T12:13:17 IST" duration-ms="50709">
    <groups>
      <group name="Regression">
        <method signature="AccountCreationTest.testCase01(java.lang.String,java.lang.String,java.lang.String,java.lang.String,java.lang.String,java.lang.String,java.lang.String,java.lang.String,java.lang.String,java.lang.String,java.lang.String,java.lang.String,java.lang.String,java.lang.String,java.lang.String,java.lang.String,java.lang.String,java.lang.String,java.lang.String)[pri:0, instance:testCases.AccountCreationTest@41d477ed]" name="testCase01" class="testCases.AccountCreationTest"/>
        <method signature="LoginTest.testCase02(java.lang.String,java.lang.String,java.lang.String)[pri:0, instance:testCases.LoginTest@74235045]" name="testCase02" class="testCases.LoginTest"/>
      </group> <!-- Regression -->
    </groups>
    <test started-at="2024-04-03T12:12:26 IST" name="Regression Test" finished-at="2024-04-03T12:13:17 IST" duration-ms="50709">
      <class name="testCases.AccountCreationTest">
        <test-method is-config="true" signature="setup()[pri:0, instance:testCases.AccountCreationTest@41d477ed]" started-at="2024-04-03T12:12:26 IST" name="setup" finished-at="2024-04-03T12:12:32 IST" duration-ms="6386" status="PASS">
          <reporter-output>
          </reporter-output>
        </test-method> <!-- setup -->
        <test-method signature="testCase01(java.lang.String,java.lang.String,java.lang.String,java.lang.String,java.lang.String,java.lang.String,java.lang.String,java.lang.String,java.lang.String,java.lang.String,java.lang.String,java.lang.String,java.lang.String,java.lang.String,java.lang.String,java.lang.String,java.lang.String,java.lang.String,java.lang.String)[pri:0, instance:testCases.AccountCreationTest@41d477ed]" started-at="2024-04-03T12:12:37 IST" name="testCase01" description="Register User" data-provider="AccountCreationData" finished-at="2024-04-03T12:13:06 IST" duration-ms="29241" status="PASS">
          <params>
            <param index="0">
              <value>
                <![CDATA[Aman]]>
              </value>
            </param>
            <param index="1">
              <value>
                <![CDATA[Aman@gmail.com]]>
              </value>
            </param>
            <param index="2">
              <value>
                <![CDATA[Pass@123]]>
              </value>
            </param>
            <param index="3">
              <value>
                <![CDATA[Mr]]>
              </value>
            </param>
            <param index="4">
              <value>
                <![CDATA[Aman]]>
              </value>
            </param>
            <param index="5">
              <value>
                <![CDATA[Pass@123]]>
              </value>
            </param>
            <param index="6">
              <value>
                <![CDATA[7]]>
              </value>
            </param>
            <param index="7">
              <value>
                <![CDATA[11]]>
              </value>
            </param>
            <param index="8">
              <value>
                <![CDATA[1999]]>
              </value>
            </param>
            <param index="9">
              <value>
                <![CDATA[Aman]]>
              </value>
            </param>
            <param index="10">
              <value>
                <![CDATA[Roy]]>
              </value>
            </param>
            <param index="11">
              <value>
                <![CDATA[abc company pvt ltd]]>
              </value>
            </param>
            <param index="12">
              <value>
                <![CDATA[address 1, xyz apt ]]>
              </value>
            </param>
            <param index="13">
              <value>
                <![CDATA[rohini nagar]]>
              </value>
            </param>
            <param index="14">
              <value>
                <![CDATA[India]]>
              </value>
            </param>
            <param index="15">
              <value>
                <![CDATA[Delhi]]>
              </value>
            </param>
            <param index="16">
              <value>
                <![CDATA[Rohini]]>
              </value>
            </param>
            <param index="17">
              <value>
                <![CDATA[321432]]>
              </value>
            </param>
            <param index="18">
              <value>
                <![CDATA[8789023456]]>
              </value>
            </param>
          </params>
          <reporter-output>
          </reporter-output>
        </test-method> <!-- testCase01 -->
        <test-method is-config="true" signature="teardown()[pri:0, instance:testCases.AccountCreationTest@41d477ed]" started-at="2024-04-03T12:13:06 IST" name="teardown" finished-at="2024-04-03T12:13:06 IST" duration-ms="186" status="PASS">
          <reporter-output>
          </reporter-output>
        </test-method> <!-- teardown -->
      </class> <!-- testCases.AccountCreationTest -->
      <class name="testCases.LoginTest">
        <test-method is-config="true" signature="setup()[pri:0, instance:testCases.LoginTest@74235045]" started-at="2024-04-03T12:13:06 IST" name="setup" finished-at="2024-04-03T12:13:12 IST" duration-ms="5613" status="PASS">
          <reporter-output>
          </reporter-output>
        </test-method> <!-- setup -->
        <test-method signature="testCase02(java.lang.String,java.lang.String,java.lang.String)[pri:0, instance:testCases.LoginTest@74235045]" started-at="2024-04-03T12:13:12 IST" name="testCase02" description="Register User with existing email" data-provider="LoginTestData" finished-at="2024-04-03T12:13:17 IST" duration-ms="4592" status="PASS">
          <params>
            <param index="0">
              <value>
                <![CDATA[Rohit]]>
              </value>
            </param>
            <param index="1">
              <value>
                <![CDATA[Rohit2024@gmail.com]]>
              </value>
            </param>
            <param index="2">
              <value>
                <![CDATA[Pass@123]]>
              </value>
            </param>
          </params>
          <reporter-output>
          </reporter-output>
        </test-method> <!-- testCase02 -->
        <test-method is-config="true" signature="teardown()[pri:0, instance:testCases.LoginTest@74235045]" started-at="2024-04-03T12:13:17 IST" name="teardown" finished-at="2024-04-03T12:13:17 IST" duration-ms="158" status="PASS">
          <reporter-output>
          </reporter-output>
        </test-method> <!-- teardown -->
      </class> <!-- testCases.LoginTest -->
    </test> <!-- Regression Test -->
  </suite> <!-- Functional Test -->
</testng-results>
